This file contains any messages produced by compilers while
running configure, to aid debugging if configure makes a mistake.

configure:568: checking for a BSD compatible install
configure:621: checking whether build environment is sane
configure:678: checking whether make sets ${MAKE}
configure:724: checking for working aclocal
configure:737: checking for working autoconf
configure:750: checking for working automake
configure:763: checking for working autoheader
configure:776: checking for working makeinfo
configure:795: checking for strerror in -lcposix
configure:839: checking for gcc
configure:952: checking whether the C compiler (gcc  ) works
configure:968: gcc -o conftest    conftest.c  1>&5
configure:994: checking whether the C compiler (gcc  ) is a cross-compiler
configure:999: checking whether we are using GNU C
configure:1027: checking whether gcc accepts -g
configure:1062: checking for gcc option to accept ANSI C
configure:1139: checking how to run the C preprocessor
configure:1219: checking for ANSI C header files
configure:1373: checking for gtk-config
configure:1408: checking for GTK - version >= 1.2.0
configure:1509: gcc -o conftest -g -O2 -I/usr/include/gtk-1.2 -I/usr/include/glib-1.2 -I/usr/lib/glib/include -I/usr/X11R6/include   conftest.c -L/usr/lib -L/usr/X11R6/lib -lgtk -lgdk -rdynamic -lgmodule -lglib -ldl -lXext -lX11 -lm  1>&5
configure:1600: checking host system type
configure:1623: checking for ranlib
configure:1651: checking for working const
configure:1726: checking for inline
configure:1766: checking for off_t
configure:1799: checking for size_t
configure:1834: checking for working alloca.h
configure:1867: checking for alloca
configure:2069: checking for unistd.h
configure:2108: checking for getpagesize
configure:2161: checking for working mmap
configure:2333: checking whether we are using the GNU C Library 2.1 or newer
configure:2374: checking for argz.h
configure:2374: checking for limits.h
configure:2374: checking for locale.h
configure:2374: checking for nl_types.h
configure:2374: checking for malloc.h
configure:2374: checking for stddef.h
configure:2374: checking for stdlib.h
configure:2374: checking for string.h
configure:2374: checking for unistd.h
configure:2374: checking for sys/param.h
configure:2415: checking for feof_unlocked
configure:2415: checking for fgets_unlocked
configure:2415: checking for getcwd
configure:2415: checking for getegid
configure:2415: checking for geteuid
configure:2415: checking for getgid
configure:2415: checking for getuid
configure:2415: checking for mempcpy
configure:2415: checking for munmap
configure:2415: checking for putenv
configure:2415: checking for setenv
configure:2415: checking for setlocale
configure:2415: checking for stpcpy
configure:2415: checking for strchr
configure:2415: checking for strcasecmp
configure:2415: checking for strdup
configure:2415: checking for strtoul
configure:2415: checking for tsearch
configure:2415: checking for __argz_count
configure:2415: checking for __argz_stringify
configure:2415: checking for __argz_next
configure:2483: checking for iconv
configure:2544: checking for iconv declaration
configure:2598: checking for nl_langinfo and CODESET
configure:2633: checking for LC_MESSAGES
configure:2666: checking whether NLS is requested
configure:2688: checking whether included gettext is requested
configure:2708: checking for libintl.h
configure:2735: checking for GNU gettext in libc
configure:2814: checking for dcgettext
configure:2871: checking for msgfmt
configure:2905: checking for gmsgfmt
configure:2942: checking for xgettext
configure:3133: checking for bison
configure:3166: checking version of bison
